<?xml version="1.0" encoding="UTF-8"?>
<testng-results ignored="0" total="1" passed="1" failed="0" skipped="0">
  <reporter-output>
  </reporter-output>
  <suite started-at="2025-06-07T20:22:24 IST" name="Default suite" finished-at="2025-06-07T20:22:56 IST" duration-ms="31816">
    <groups>
    </groups>
    <test started-at="2025-06-07T20:22:24 IST" name="Default test" finished-at="2025-06-07T20:22:56 IST" duration-ms="31816">
      <class name="com.automation.testcases.TestCase1SearchVerification">
        <test-method is-config="true" signature="setUp()[pri:0, instance:com.automation.testcases.TestCase1SearchVerification@443118b0]" started-at="2025-06-07T20:22:24 IST" name="setUp" finished-at="2025-06-07T20:22:26 IST" duration-ms="1901" status="PASS">
          <reporter-output>
          </reporter-output>
        </test-method> <!-- setUp -->
        <test-method signature="testSearchAndValidateProducts()[pri:0, instance:com.automation.testcases.TestCase1SearchVerification@443118b0]" started-at="2025-06-07T20:22:26 IST" name="testSearchAndValidateProducts" finished-at="2025-06-07T20:22:55 IST" duration-ms="29450" status="PASS">
          <reporter-output>
          </reporter-output>
        </test-method> <!-- testSearchAndValidateProducts -->
        <test-method is-config="true" signature="tearDown()[pri:0, instance:com.automation.testcases.TestCase1SearchVerification@443118b0]" started-at="2025-06-07T20:22:55 IST" name="tearDown" finished-at="2025-06-07T20:22:56 IST" duration-ms="424" status="PASS">
          <reporter-output>
          </reporter-output>
        </test-method> <!-- tearDown -->
      </class> <!-- com.automation.testcases.TestCase1SearchVerification -->
    </test> <!-- Default test -->
  </suite> <!-- Default suite -->
</testng-results>
